\BOOKMARK [0][-]{chapter*.1}{D\351dicaces}{}% 1
\BOOKMARK [0][-]{chapter*.2}{Remerciements}{}% 2
\BOOKMARK [0][-]{section*.3}{Sommaire}{}% 3
\BOOKMARK [0][-]{chapter*.4}{Liste des sigles et abr\351viations}{}% 4
\BOOKMARK [0][-]{section*.5}{Liste des tableaux}{}% 5
\BOOKMARK [0][-]{section*.6}{Table des figures}{}% 6
\BOOKMARK [0][-]{chapter*.7}{R\351sum\351/Abstract}{}% 7
\BOOKMARK [0][-]{section*.8}{Introduction}{}% 8
\BOOKMARK [0][-]{chapter.1}{Description institutionnelle d\220EtriLabs}{}% 9
\BOOKMARK [1][-]{section.1.1}{Pr\351sentation de l'entreprise}{chapter.1}% 10
\BOOKMARK [2][-]{subsection.1.1.1}{Historique de l\220entreprise}{section.1.1}% 11
\BOOKMARK [2][-]{subsection.1.1.2}{Organisation de l\220entreprise}{section.1.1}% 12
\BOOKMARK [3][-]{paragraph*.9}{Le Pr\351sident Directeur G\351n\351ral}{subsection.1.1.2}% 13
\BOOKMARK [4][-]{paragraph*.10}{Le Directeur Technique}{paragraph*.9}% 14
\BOOKMARK [4][-]{paragraph*.11}{Le Directeur des Programmes}{paragraph*.9}% 15
\BOOKMARK [4][-]{paragraph*.12}{L\220Agent des Programmes}{paragraph*.9}% 16
\BOOKMARK [2][-]{subsection.1.1.3}{Activit\351s de l\220entreprise}{section.1.1}% 17
\BOOKMARK [3][-]{paragraph*.13}{Acc\351l\351ration et incubation de startups}{subsection.1.1.3}% 18
\BOOKMARK [4][-]{paragraph*.14}{Solutions aux Entreprises}{paragraph*.13}% 19
\BOOKMARK [4][-]{paragraph*.15}{\311v\350nements}{paragraph*.13}% 20
\BOOKMARK [4][-]{paragraph*.16}{Formations}{paragraph*.13}% 21
\BOOKMARK [4][-]{paragraph*.17}{Coworking}{paragraph*.13}% 22
\BOOKMARK [1][-]{section.1.2}{Objectifs du stage}{chapter.1}% 23
\BOOKMARK [2][-]{subsection.1.2.1}{Activit\351s effectu\351es}{section.1.2}% 24
\BOOKMARK [2][-]{subsection.1.2.2}{Acquis de stage}{section.1.2}% 25
\BOOKMARK [2][-]{subsection.1.2.3}{Difficult\351s rencontr\351es}{section.1.2}% 26
\BOOKMARK [0][-]{chapter.2}{Contexte d'\351tude et revue de litt\351rature}{}% 27
\BOOKMARK [1][-]{section.2.1}{Probl\351matique}{chapter.2}% 28
\BOOKMARK [1][-]{section.2.2}{Objectifs}{chapter.2}% 29
\BOOKMARK [1][-]{section.2.3}{\311tat de l\220art}{chapter.2}% 30
\BOOKMARK [2][-]{subsection.2.3.1}{Pr\351sentation des solutions existantes}{section.2.3}% 31
\BOOKMARK [3][-]{paragraph*.18}{Airbnb : Le leader}{subsection.2.3.1}% 32
\BOOKMARK [4][-]{paragraph*.21}{Les alternatives }{paragraph*.18}% 33
\BOOKMARK [4][-]{paragraph*.23}{Au B\351nin : BeninMaison et BeninImmo}{paragraph*.18}% 34
\BOOKMARK [2][-]{subsection.2.3.2}{Int\351r\352t de la solution par rapport aux existantes}{section.2.3}% 35
\BOOKMARK [0][-]{chapter.3}{Analyse, conception, et choix techniques}{}% 36
\BOOKMARK [1][-]{section.3.1}{Analyse des besoins}{chapter.3}% 37
\BOOKMARK [2][-]{subsection.3.1.1}{Les besoins fonctionnels}{section.3.1}% 38
\BOOKMARK [3][-]{paragraph*.27}{au visiteur de :}{subsection.3.1.1}% 39
\BOOKMARK [4][-]{paragraph*.28}{\340 l'h\364te de :}{paragraph*.27}% 40
\BOOKMARK [4][-]{paragraph*.29}{\340 l\220administrateur}{paragraph*.27}% 41
\BOOKMARK [2][-]{subsection.3.1.2}{Les besoins non fonctionnels}{section.3.1}% 42
\BOOKMARK [1][-]{section.3.2}{Choix de la m\351thode d'analyse}{chapter.3}% 43
\BOOKMARK [1][-]{section.3.3}{Analyse fonctionnelle et conceptuelle}{chapter.3}% 44
\BOOKMARK [2][-]{subsection.3.3.1}{Analyse fonctionnelle}{section.3.3}% 45
\BOOKMARK [3][-]{subsubsection.3.3.1.1}{Identification des acteurs et description}{subsection.3.3.1}% 46
\BOOKMARK [3][-]{subsubsection.3.3.1.2}{Diagramme de cas d\220utilisation}{subsection.3.3.1}% 47
\BOOKMARK [4][-]{subsubsubsection.3.3.1.2.1}{Identification des cas d\220utilisation}{subsubsection.3.3.1.2}% 48
\BOOKMARK [4][-]{subsubsubsection.3.3.1.2.2}{Description textuelle des cas d'utilisation}{subsubsection.3.3.1.2}% 49
\BOOKMARK [4][-]{paragraph*.30}{a - Cas d'utilisation : Demander le titre d\220h\364te}{subsubsection.3.3.1.2}% 50
\BOOKMARK [4][-]{paragraph*.32}{b - Cas d'utilisation : Mettre en location un appartement}{subsubsection.3.3.1.2}% 51
\BOOKMARK [4][-]{paragraph*.34}{c - Cas d'utilisation : Proposer une exp\351rience th\351matique}{subsubsection.3.3.1.2}% 52
\BOOKMARK [4][-]{paragraph*.36}{d - Cas d'utilisation : R\351server un logement}{subsubsection.3.3.1.2}% 53
\BOOKMARK [4][-]{paragraph*.38}{e - Cas d'utilisation : S\220inscrire \340 une exp\351rience}{subsubsection.3.3.1.2}% 54
\BOOKMARK [4][-]{subsubsubsection.3.3.1.2.3}{Pr\351sentation du diagramme de cas d'utilisation}{subsubsection.3.3.1.2}% 55
\BOOKMARK [2][-]{subsection.3.3.2}{Analyse conceptuelle}{section.3.3}% 56
\BOOKMARK [3][-]{subsubsection.3.3.2.1}{Diagramme des classes}{subsection.3.3.2}% 57
\BOOKMARK [3][-]{subsubsection.3.3.2.2}{Diagramme de s\351quence}{subsection.3.3.2}% 58
\BOOKMARK [1][-]{section.3.4}{Choix des outils d'impl\351mentation}{chapter.3}% 59
\BOOKMARK [2][-]{subsection.3.4.1}{Architecture du syst\350me}{section.3.4}% 60
\BOOKMARK [3][-]{paragraph*.47}{Niveau 1:}{subsection.3.4.1}% 61
\BOOKMARK [4][-]{paragraph*.48}{Niveau 2:}{paragraph*.47}% 62
\BOOKMARK [4][-]{paragraph*.49}{Niveau 3:}{paragraph*.47}% 63
\BOOKMARK [2][-]{subsection.3.4.2}{Couche pr\351sentation}{section.3.4}% 64
\BOOKMARK [3][-]{subsubsection.3.4.2.1}{Client Web}{subsection.3.4.2}% 65
\BOOKMARK [4][-]{paragraph*.53}{React.js}{subsubsection.3.4.2.1}% 66
\BOOKMARK [3][-]{subsubsection.3.4.2.2}{Client Mobile}{subsection.3.4.2}% 67
\BOOKMARK [3][-]{subsubsection.3.4.2.3}{Gestion de versions}{subsection.3.4.2}% 68
\BOOKMARK [2][-]{subsection.3.4.3}{Couche fonctionnelle}{section.3.4}% 69
\BOOKMARK [2][-]{subsection.3.4.4}{Couche donn\351es}{section.3.4}% 70
\BOOKMARK [3][-]{paragraph*.54}{MySQL}{subsection.3.4.4}% 71
\BOOKMARK [4][-]{paragraph*.55}{PostgreSQL}{paragraph*.54}% 72
\BOOKMARK [4][-]{paragraph*.56}{MongoDB}{paragraph*.54}% 73
\BOOKMARK [4][-]{paragraph*.57}{Choix}{paragraph*.54}% 74
\BOOKMARK [1][-]{section.3.5}{S\351curit\351 de l\220application}{chapter.3}% 75
\BOOKMARK [2][-]{subsection.3.5.1}{La confidentialit\351}{section.3.5}% 76
\BOOKMARK [2][-]{subsection.3.5.2}{L\220Int\351grit\351}{section.3.5}% 77
\BOOKMARK [2][-]{subsection.3.5.3}{La disponibilit\351}{section.3.5}% 78
\BOOKMARK [2][-]{subsection.3.5.4}{L\220Authenticit\351}{section.3.5}% 79
\BOOKMARK [2][-]{subsection.3.5.5}{Non-r\351pudiation}{section.3.5}% 80
\BOOKMARK [2][-]{subsection.3.5.6}{Imputabilit\351}{section.3.5}% 81
\BOOKMARK [0][-]{chapter.4}{R\351alisation de l'application}{}% 82
\BOOKMARK [1][-]{section.4.1}{Captures d'ecran}{chapter.4}% 83
\BOOKMARK [2][-]{subsection.4.1.1}{Client Mobile}{section.4.1}% 84
\BOOKMARK [2][-]{subsection.4.1.2}{Client Web}{section.4.1}% 85
\BOOKMARK [1][-]{section.4.2}{D\351ploiement de l'application}{chapter.4}% 86
\BOOKMARK [2][-]{subsection.4.2.1}{Heroku}{section.4.2}% 87
\BOOKMARK [1][-]{section.4.3}{Perspectives et \351volution de la plateforme}{chapter.4}% 88
\BOOKMARK [0][-]{section*.62}{Conclusion}{}% 89
\BOOKMARK [0][-]{chapter*.63}{Bibliographie et Webographie}{}% 90
\BOOKMARK [0][-]{section*.64}{Table des mati\350res}{}% 91
