This is pdfTeX, Version 3.1415926-2.5-1.40.14 (MiKTeX 2.9) (preloaded format=pdflatex 2016.7.18)  19 AUG 2016 16:10
entering extended mode
**page-de-couverture.tex

("C:\Users\Toshiba\Desktop\m√©moire\R√©daction M√©moire\page-de-couverture\page
-de-couverture.tex"
LaTeX2e <2011/06/27>
Babel <v3.8m> and hyphenation patterns for english, afrikaans, ancientgreek, ar
abic, armenian, assamese, basque, bengali, bokmal, bulgarian, catalan, coptic, 
croatian, czech, danish, dutch, esperanto, estonian, farsi, finnish, french, ga
lician, german, german-x-2013-05-26, greek, gujarati, hindi, hungarian, iceland
ic, indonesian, interlingua, irish, italian, kannada, kurmanji, latin, latvian,
 lithuanian, malayalam, marathi, mongolian, mongolianlmc, monogreek, ngerman, n
german-x-2013-05-26, nynorsk, oriya, panjabi, pinyin, polish, portuguese, roman
ian, russian, sanskrit, serbian, slovak, slovenian, spanish, swedish, swissgerm
an, tamil, telugu, turkish, turkmen, ukenglish, ukrainian, uppersorbian, usengl
ishmax, welsh, loaded.

! LaTeX Error: Environment titlepage undefined.

See the LaTeX manual or LaTeX Companion for explanation.
Type  H <return>  for immediate help.
 ...                                              
                                                  
l.1 \begin{titlepage}
                     
Your command was ignored.
Type  I <command> <return>  to replace it with another command,
or  <return>  to continue without it.


! LaTeX Error: Missing \begin{document}.

See the LaTeX manual or LaTeX Companion for explanation.
Type  H <return>  for immediate help.
 ...                                              
                                                  
l.2 \begin{center}
                  
You're in trouble here.  Try typing  <return>  to proceed.
If that doesn't work, type  X <return>  to quit.


Overfull \hbox (20.0pt too wide) in paragraph at lines 2--2
[] 
 []

Missing character: There is no √ in font cmbx10!
Missing character: There is no © in font cmbx10!
Missing character: There is no √ in font cmbx10!
Missing character: There is no © in font cmbx10!

Overfull \hbox (51.90945pt too wide) in paragraph at lines 3--3
 \OT1/cmr/bx/n/10 Rpublique 
 []


Overfull \hbox (12.77771pt too wide) in paragraph at lines 3--3
 \OT1/cmr/bx/n/10 du 
 []


Overfull \hbox (24.15265pt too wide) in paragraph at lines 3--3
 \OT1/cmr/bx/n/10 Bnin 
 []

Missing character: There is no √ in font cmbx10!
Missing character: There is no ® in font cmbx10!
Missing character: There is no √ in font cmbx10!
Missing character: There is no © in font cmbx10!

Overfull \hbox (24.3332pt too wide) in paragraph at lines 3--3
 \OT1/cmr/bx/n/10 Min- 
 []


Overfull \hbox (22.20961pt too wide) in paragraph at lines 3--3
 \OT1/cmr/bx/n/10 istre 
 []


Overfull \hbox (11.65967pt too wide) in paragraph at lines 3--3
 \OT1/cmr/bx/n/10 de 
 []


Overfull \hbox (79.86208pt too wide) in paragraph at lines 3--3
 \OT1/cmr/bx/n/10 L'Enseignement 
 []


Overfull \hbox (16.61102pt too wide) in paragraph at lines 3--3
 \OT1/cmr/bx/n/10 Su- 
 []


Overfull \hbox (30.71515pt too wide) in paragraph at lines 3--3
 \OT1/cmr/bx/n/10 prieur 
 []


Overfull \hbox (9.74301pt too wide) in paragraph at lines 3--3
 \OT1/cmr/bx/n/10 et 
 []


Overfull \hbox (11.65967pt too wide) in paragraph at lines 3--3
 \OT1/cmr/bx/n/10 de 
 []


Overfull \hbox (8.78465pt too wide) in paragraph at lines 3--3
 \OT1/cmr/bx/n/10 la 
 []


Overfull \hbox (20.59712pt too wide) in paragraph at lines 3--3
 \OT1/cmr/bx/n/10 For- 
 []


Overfull \hbox (19.00682pt too wide) in paragraph at lines 3--3
 \OT1/cmr/bx/n/10 ma- 
 []


Overfull \hbox (19.80545pt too wide) in paragraph at lines 3--3
 \OT1/cmr/bx/n/10 tion 
 []


Overfull \hbox (22.18045pt too wide) in paragraph at lines 3--3
 \OT1/cmr/bx/n/10 Pro- 
 []


Overfull \hbox (17.15407pt too wide) in paragraph at lines 3--3
 \OT1/cmr/bx/n/10 fes- 
 []


Overfull \hbox (23.70264pt too wide) in paragraph at lines 3--3
 \OT1/cmr/bx/n/10 sion- 
 []


Overfull \hbox (23.31934pt too wide) in paragraph at lines 3--3
 \OT1/cmr/bx/n/10 nelle 
 []


Overfull \hbox (51.66084pt too wide) in paragraph at lines 3--3
 []\OT1/cmr/bx/n/10 Universite 
 []


Overfull \hbox (11.65967pt too wide) in paragraph at lines 3--3
 \OT1/cmr/bx/n/10 de 
 []


Overfull \hbox (32.08318pt too wide) in paragraph at lines 3--3
 \OT1/cmr/bx/n/10 Porto- 
 []


Overfull \hbox (25.93042pt too wide) in paragraph at lines 3--3
 \OT1/cmr/bx/n/10 Novo 
 []

Missing character: There is no √ in font cmbx10!
Missing character: There is no © in font cmbx10!

Overfull \hbox (38.28589pt too wide) in paragraph at lines 3--4
 []\OT1/cmr/bx/n/10 Institut 
 []


Overfull \hbox (11.65967pt too wide) in paragraph at lines 3--4
 \OT1/cmr/bx/n/10 de 
 []


Overfull \hbox (31.2012pt too wide) in paragraph at lines 3--4
 \OT1/cmr/bx/n/10 Math- 
 []


Overfull \hbox (19.00682pt too wide) in paragraph at lines 3--4
 \OT1/cmr/bx/n/10 ma- 
 []


Overfull \hbox (29.93178pt too wide) in paragraph at lines 3--4
 \OT1/cmr/bx/n/10 tiques 
 []


Overfull \hbox (9.74301pt too wide) in paragraph at lines 3--4
 \OT1/cmr/bx/n/10 et 
 []


Overfull \hbox (11.65967pt too wide) in paragraph at lines 3--4
 \OT1/cmr/bx/n/10 de 
 []


Overfull \hbox (18.52768pt too wide) in paragraph at lines 3--4
 \OT1/cmr/bx/n/10 Sci- 
 []


Overfull \hbox (26.57764pt too wide) in paragraph at lines 3--4
 \OT1/cmr/bx/n/10 ences 
 []


Overfull \hbox (49.99554pt too wide) in paragraph at lines 3--4
 \OT1/cmr/bx/n/10 Physiques 
 []

! Undefined control sequence.
l.5 \flushleft{\qquad\includegraphics
                                     [scale=0.1]{upn1.png}}\qquad\qquad\qqua...
The control sequence at the end of the top line
of your error message was never \def'ed. If you have
misspelled it (e.g., `\hobx'), type `I' and the correct
spelling (e.g., `I\hbox'). Otherwise just continue,
and I'll forget about whatever was undefined.

Missing character: There is no [ in font nullfont!
Missing character: There is no s in font nullfont!
Missing character: There is no c in font nullfont!
Missing character: There is no a in font nullfont!
Missing character: There is no l in font nullfont!
Missing character: There is no e in font nullfont!
Missing character: There is no = in font nullfont!
Missing character: There is no 0 in font nullfont!
Missing character: There is no . in font nullfont!
Missing character: There is no 1 in font nullfont!
Missing character: There is no ] in font nullfont!
Missing character: There is no u in font nullfont!
Missing character: There is no p in font nullfont!
Missing character: There is no n in font nullfont!
Missing character: There is no 1 in font nullfont!
Missing character: There is no . in font nullfont!
Missing character: There is no p in font nullfont!
Missing character: There is no n in font nullfont!
Missing character: There is no g in font nullfont!
! Undefined control sequence.
l.6 \qquad\qquad\qquad\qquad\includegraphics
                                            [scale=1.5]{imsp.png}
The control sequence at the end of the top line
of your error message was never \def'ed. If you have
misspelled it (e.g., `\hobx'), type `I' and the correct
spelling (e.g., `I\hbox'). Otherwise just continue,
and I'll forget about whatever was undefined.

Missing character: There is no [ in font nullfont!
Missing character: There is no s in font nullfont!
Missing character: There is no c in font nullfont!
Missing character: There is no a in font nullfont!
Missing character: There is no l in font nullfont!
Missing character: There is no e in font nullfont!
Missing character: There is no = in font nullfont!
Missing character: There is no 1 in font nullfont!
Missing character: There is no . in font nullfont!
Missing character: There is no 5 in font nullfont!
Missing character: There is no ] in font nullfont!
Missing character: There is no i in font nullfont!
Missing character: There is no m in font nullfont!
Missing character: There is no s in font nullfont!
Missing character: There is no p in font nullfont!
Missing character: There is no . in font nullfont!
Missing character: There is no p in font nullfont!
Missing character: There is no n in font nullfont!
Missing character: There is no g in font nullfont!
! Undefined control sequence.
l.14 \definecolor
                 {bordeaux}{rgb}{.5,0,0}\small {}
The control sequence at the end of the top line
of your error message was never \def'ed. If you have
misspelled it (e.g., `\hobx'), type `I' and the correct
spelling (e.g., `I\hbox'). Otherwise just continue,
and I'll forget about whatever was undefined.

Missing character: There is no b in font nullfont!
Missing character: There is no o in font nullfont!
Missing character: There is no r in font nullfont!
Missing character: There is no d in font nullfont!
Missing character: There is no e in font nullfont!
Missing character: There is no a in font nullfont!
Missing character: There is no u in font nullfont!
Missing character: There is no x in font nullfont!
Missing character: There is no r in font nullfont!
Missing character: There is no g in font nullfont!
Missing character: There is no b in font nullfont!
Missing character: There is no . in font nullfont!
Missing character: There is no 5 in font nullfont!
Missing character: There is no , in font nullfont!
Missing character: There is no 0 in font nullfont!
Missing character: There is no , in font nullfont!
Missing character: There is no 0 in font nullfont!
! Undefined control sequence.
l.14 \definecolor{bordeaux}{rgb}{.5,0,0}\small
                                               {}
The control sequence at the end of the top line
of your error message was never \def'ed. If you have
misspelled it (e.g., `\hobx'), type `I' and the correct
spelling (e.g., `I\hbox'). Otherwise just continue,
and I'll forget about whatever was undefined.

LaTeX Font Info:    External font `cmex10' loaded for size
(Font)              <7> on input line 24.
LaTeX Font Info:    External font `cmex10' loaded for size
(Font)              <5> on input line 24.

Overfull \hbox (1638.37498pt too wide) in paragraph at lines 17--32
$[]$ 
 []


Overfull \hbox (3276.74998pt too wide) in paragraph at lines 17--32
$[]$ 
 []

Missing character: There is no M in font nullfont!
Missing character: There is no E in font nullfont!
Missing character: There is no M in font nullfont!
Missing character: There is no O in font nullfont!
Missing character: There is no I in font nullfont!
Missing character: There is no R in font nullfont!
Missing character: There is no E in font nullfont!
Missing character: There is no D in font nullfont!
Missing character: There is no E in font nullfont!
Missing character: There is no F in font nullfont!
Missing character: There is no I in font nullfont!
Missing character: There is no N in font nullfont!
Missing character: There is no D in font nullfont!
Missing character: There is no ' in font nullfont!
Missing character: There is no E in font nullfont!
Missing character: There is no T in font nullfont!
Missing character: There is no U in font nullfont!
Missing character: There is no D in font nullfont!
Missing character: There is no E in font nullfont!
Missing character: There is no S in font nullfont!
Missing character: There is no P in font nullfont!
Missing character: There is no o in font nullfont!
Missing character: There is no u in font nullfont!
Missing character: There is no r in font nullfont!
Missing character: There is no l in font nullfont!
Missing character: There is no ‚ in font nullfont!
Missing character: There is no Ä in font nullfont!
Missing character: There is no ô in font nullfont!
Missing character: There is no O in font nullfont!
Missing character: There is no b in font nullfont!
Missing character: There is no t in font nullfont!
Missing character: There is no e in font nullfont!
Missing character: There is no n in font nullfont!
Missing character: There is no t in font nullfont!
Missing character: There is no i in font nullfont!
Missing character: There is no o in font nullfont!
Missing character: There is no n in font nullfont!
Missing character: There is no d in font nullfont!
Missing character: There is no u in font nullfont!
Missing character: There is no D in font nullfont!
Missing character: There is no i in font nullfont!
Missing character: There is no p in font nullfont!
Missing character: There is no l in font nullfont!
Missing character: There is no √ in font nullfont!
Missing character: There is no ¥ in font nullfont!
Missing character: There is no m in font nullfont!
Missing character: There is no e in font nullfont!
Missing character: There is no d in font nullfont!
Missing character: There is no e in font nullfont!
Missing character: There is no L in font nullfont!
Missing character: There is no i in font nullfont!
Missing character: There is no c in font nullfont!
Missing character: There is no e in font nullfont!
Missing character: There is no n in font nullfont!
Missing character: There is no c in font nullfont!
Missing character: There is no e in font nullfont!
Missing character: There is no e in font nullfont!
Missing character: There is no n in font nullfont!
Missing character: There is no M in font nullfont!
Missing character: There is no a in font nullfont!
Missing character: There is no t in font nullfont!
Missing character: There is no h in font nullfont!
Missing character: There is no √ in font nullfont!
Missing character: There is no © in font nullfont!
Missing character: There is no m in font nullfont!
Missing character: There is no a in font nullfont!
Missing character: There is no t in font nullfont!
Missing character: There is no i in font nullfont!
Missing character: There is no q in font nullfont!
Missing character: There is no u in font nullfont!
Missing character: There is no e in font nullfont!
Missing character: There is no s in font nullfont!

Overfull \hbox (483.69684pt too wide) in paragraph at lines 47--48
[][]  
 []

! Undefined control sequence.
l.48 \begin{center}\bfseries\Huge
                                 
The control sequence at the end of the top line
of your error message was never \def'ed. If you have
misspelled it (e.g., `\hobx'), type `I' and the correct
spelling (e.g., `I\hbox'). Otherwise just continue,
and I'll forget about whatever was undefined.

! Undefined control sequence.
l.49   \text
            {\it \'{E}tude de quelques familles classiques de polyn\^{o}me o...
The control sequence at the end of the top line
of your error message was never \def'ed. If you have
misspelled it (e.g., `\hobx'), type `I' and the correct
spelling (e.g., `I\hbox'). Otherwise just continue,
and I'll forget about whatever was undefined.

! Undefined control sequence.
l.49   \text{\it
                 \'{E}tude de quelques familles classiques de polyn\^{o}me o...
The control sequence at the end of the top line
of your error message was never \def'ed. If you have
misspelled it (e.g., `\hobx'), type `I' and the correct
spelling (e.g., `I\hbox'). Otherwise just continue,
and I'll forget about whatever was undefined.


Overfull \hbox (30.07623pt too wide) in paragraph at lines 49--50
 []\OT1/cmr/bx/n/10 Etude 
 []


Overfull \hbox (11.65967pt too wide) in paragraph at lines 49--50
 \OT1/cmr/bx/n/10 de 
 []


Overfull \hbox (43.18866pt too wide) in paragraph at lines 49--50
 \OT1/cmr/bx/n/10 quelques 
 []


Overfull \hbox (38.07755pt too wide) in paragraph at lines 49--50
 \OT1/cmr/bx/n/10 familles 
 []


Overfull \hbox (22.26512pt too wide) in paragraph at lines 49--50
 \OT1/cmr/bx/n/10 clas- 
 []


Overfull \hbox (29.99565pt too wide) in paragraph at lines 49--50
 \OT1/cmr/bx/n/10 siques 
 []


Overfull \hbox (11.65967pt too wide) in paragraph at lines 49--50
 \OT1/cmr/bx/n/10 de 
 []


Overfull \hbox (48.71503pt too wide) in paragraph at lines 49--50
 \OT1/cmr/bx/n/10 polyn^ome 
 []


Overfull \hbox (14.31938pt too wide) in paragraph at lines 49--50
 \OT1/cmr/bx/n/10 or- 
 []


Overfull \hbox (26.1943pt too wide) in paragraph at lines 49--50
 \OT1/cmr/bx/n/10 thog- 
 []


Overfull \hbox (9.58328pt too wide) in paragraph at lines 49--50
 \OT1/cmr/bx/n/10 o- 
 []


Overfull \hbox (24.43735pt too wide) in paragraph at lines 49--50
 \OT1/cmr/bx/n/10 naux 
 []


Overfull \hbox (483.69684pt too wide) in paragraph at lines 51--52
[]  
 []

! Undefined control sequence.
l.52 \begin{center}\bfseries\Large
                                  
The control sequence at the end of the top line
of your error message was never \def'ed. If you have
misspelled it (e.g., `\hobx'), type `I' and the correct
spelling (e.g., `I\hbox'). Otherwise just continue,
and I'll forget about whatever was undefined.

Missing character: There is no P in font nullfont!
Missing character: There is no r in font nullfont!
Missing character: There is no √ in font nullfont!
Missing character: There is no © in font nullfont!
Missing character: There is no s in font nullfont!
Missing character: There is no e in font nullfont!
Missing character: There is no n in font nullfont!
Missing character: There is no t in font nullfont!
Missing character: There is no √ in font nullfont!
Missing character: There is no © in font nullfont!
Missing character: There is no p in font nullfont!
Missing character: There is no a in font nullfont!
Missing character: There is no r in font nullfont!
Missing character: There is no : in font nullfont!

Overfull \hbox (15.65271pt too wide) in paragraph at lines 62--62
 \OT1/cmr/bx/n/10 Mr 
 []


Overfull \hbox (24.50682pt too wide) in paragraph at lines 62--62
 \OT1/cmr/bx/n/10 Ken- 
 []


Overfull \hbox (22.52072pt too wide) in paragraph at lines 62--62
 \OT1/cmr/bx/n/10 neth 
 []


Overfull \hbox (18.91656pt too wide) in paragraph at lines 62--62
 \OT1/cmr/bx/n/10 AS- 
 []


Overfull \hbox (40.94421pt too wide) in paragraph at lines 62--62
 \OT1/cmr/bx/n/10 SOGBA 
 []


Overfull \hbox (22.57628pt too wide) in paragraph at lines 62--63
 []\OT1/cmr/bx/n/10 Mlle 
 []


Overfull \hbox (35.09975pt too wide) in paragraph at lines 62--63
 \OT1/cmr/bx/n/10 Larissa 
 []


Overfull \hbox (20.20822pt too wide) in paragraph at lines 62--63
 \OT1/cmr/bx/n/10 DE- 
 []


Overfull \hbox (43.2081pt too wide) in paragraph at lines 62--63
 \OT1/cmr/bx/n/10 NAKPO 
 []

Missing character: There is no E in font nullfont!
Missing character: There is no n in font nullfont!
Missing character: There is no c in font nullfont!
Missing character: There is no a in font nullfont!
Missing character: There is no d in font nullfont!
Missing character: There is no r in font nullfont!
Missing character: There is no √ in font nullfont!
Missing character: There is no © in font nullfont!
Missing character: There is no p in font nullfont!
Missing character: There is no a in font nullfont!
Missing character: There is no r in font nullfont!
Missing character: There is no l in font nullfont!
Missing character: There is no e in font nullfont!
Missing character: There is no : in font nullfont!
! Undefined control sequence.
l.70   { \bf
             Pr L√©onard TODJIHONDE }
The control sequence at the end of the top line
of your error message was never \def'ed. If you have
misspelled it (e.g., `\hobx'), type `I' and the correct
spelling (e.g., `I\hbox'). Otherwise just continue,
and I'll forget about whatever was undefined.

Missing character: There is no P in font nullfont!
Missing character: There is no r in font nullfont!
Missing character: There is no L in font nullfont!
Missing character: There is no √ in font nullfont!
Missing character: There is no © in font nullfont!
Missing character: There is no o in font nullfont!
Missing character: There is no n in font nullfont!
Missing character: There is no a in font nullfont!
Missing character: There is no r in font nullfont!
Missing character: There is no d in font nullfont!
Missing character: There is no T in font nullfont!
Missing character: There is no O in font nullfont!
Missing character: There is no D in font nullfont!
Missing character: There is no J in font nullfont!
Missing character: There is no I in font nullfont!
Missing character: There is no H in font nullfont!
Missing character: There is no O in font nullfont!
Missing character: There is no N in font nullfont!
Missing character: There is no D in font nullfont!
Missing character: There is no E in font nullfont!
Missing character: There is no 2 in font nullfont!
Missing character: There is no 0 in font nullfont!
Missing character: There is no 1 in font nullfont!
Missing character: There is no 5 in font nullfont!
Missing character: There is no - in font nullfont!
Missing character: There is no 2 in font nullfont!
Missing character: There is no 0 in font nullfont!
Missing character: There is no 1 in font nullfont!
Missing character: There is no 6 in font nullfont!

Overfull \hbox (32.01373pt too wide) in paragraph at lines 79--80
 \OT1/cmr/bx/n/10 Annee 
 []


Overfull \hbox (22.26376pt too wide) in paragraph at lines 79--80
 \OT1/cmr/bx/n/10 Uni- 
 []


Overfull \hbox (19.5902pt too wide) in paragraph at lines 79--80
 \OT1/cmr/bx/n/10 ver- 
 []


Overfull \hbox (11.56381pt too wide) in paragraph at lines 79--80
 \OT1/cmr/bx/n/10 si- 
 []


Overfull \hbox (26.45819pt too wide) in paragraph at lines 79--80
 \OT1/cmr/bx/n/10 taire: 
 []


! LaTeX Error: \begin{document} ended by \end{titlepage}.

See the LaTeX manual or LaTeX Companion for explanation.
Type  H <return>  for immediate help.
 ...                                              
                                                  
l.81 \end{titlepage}
                    
Your command was ignored.
Type  I <command> <return>  to replace it with another command,
or  <return>  to continue without it.

)
! Emergency stop.
<*> page-de-couverture.tex
                          
*** (job aborted, no legal \end found)

 
Here is how much of TeX's memory you used:
 18 strings out of 493921
 617 string characters out of 3147276
 53031 words of memory out of 3000000
 3409 multiletter control sequences out of 15000+200000
 3948 words of font info for 15 fonts, out of 3000000 for 9000
 841 hyphenation exceptions out of 8191
 20i,3n,18p,262b,163s stack positions out of 5000i,500n,10000p,200000b,50000s
!  ==> Fatal error occurred, no output PDF file produced!
